<?xml version="1.0" encoding="UTF-8"?>
<!-- Generated by org.testng.reporters.JUnitReportReporter -->
<testsuite hostname="DESKTOP-SGPLFQ4" failures="0" tests="5" name="homePage.myTestCases" time="0.296" errors="0" timestamp="2024-08-15T21:32:31 EEST" skipped="0">
  <testcase classname="homePage.myTestCases" name="checkTheDefualtLangugeIsEnglish" time="0.077"/>
  <system-out/>
  <testcase classname="homePage.myTestCases" name="checkTheCurrencyIsSAR" time="0.053"/>
  <system-out/>
  <testcase classname="homePage.myTestCases" name="checkContactNumber" time="0.036"/>
  <system-out/>
  <testcase classname="homePage.myTestCases" name="checkQitafLogo" time="0.098"/>
  <system-out/>
  <testcase classname="homePage.myTestCases" name="TestHotelTabIsNotSelected" time="0.032"/>
  <system-out/>
</testsuite> <!-- homePage.myTestCases -->
