<?xml version="1.0" encoding="UTF-8"?>
<!-- Generated by org.testng.reporters.JUnitReportReporter -->
<testsuite hostname="DESKTOP-SGPLFQ4" failures="0" tests="11" name="homePage.myTestCases" time="17.294" errors="0" timestamp="2024-08-20T17:07:16 EEST" skipped="0">
  <testcase classname="homePage.myTestCases" name="checkTheDefualtLangugeIsEnglish" time="0.056"/>
  <system-out/>
  <testcase classname="homePage.myTestCases" name="checkTheCurrencyIsSAR" time="0.032"/>
  <system-out/>
  <testcase classname="homePage.myTestCases" name="checkContactNumber" time="0.027"/>
  <system-out/>
  <testcase classname="homePage.myTestCases" name="checkQitafLogo" time="0.067"/>
  <system-out/>
  <testcase classname="homePage.myTestCases" name="TestHotelTabIsNotSelected" time="0.027"/>
  <system-out/>
  <testcase classname="homePage.myTestCases" name="checkDepatuerDate" time="0.048"/>
  <system-out/>
  <testcase classname="homePage.myTestCases" name="randomlyChangeTheLanguge" time="0.679"/>
  <system-out/>
  <testcase classname="homePage.myTestCases" name="randomlyFillCitiesWhenChangeTheLanguge" time="0.552"/>
  <system-out/>
  <testcase classname="homePage.myTestCases" name="randomlySelectTheNumberOfVistor" time="4.585"/>
  <system-out/>
  <testcase classname="homePage.myTestCases" name="checkThePageFullyLoded" time="10.208"/>
  <system-out/>
  <testcase classname="homePage.myTestCases" name="sortThePricesFromLowToHigh" time="1.013"/>
  <system-out/>
</testsuite> <!-- homePage.myTestCases -->
