<?xml version="1.0" encoding="UTF-8"?>
<!-- Generated by org.testng.reporters.JUnitReportReporter -->
<testsuite hostname="DESKTOP-SGPLFQ4" failures="0" tests="4" name="homePage.myTestCases" time="0.194" errors="0" timestamp="2024-08-15T17:03:05 EEST" skipped="0">
  <testcase classname="homePage.myTestCases" name="checkTheDefualtLangugeIsEnglish" time="0.036"/>
  <system-out/>
  <testcase classname="homePage.myTestCases" name="checkTheCurrencyIsSAR" time="0.062"/>
  <system-out/>
  <testcase classname="homePage.myTestCases" name="checkContactNumber" time="0.027"/>
  <system-out/>
  <testcase classname="homePage.myTestCases" name="checkQitafLogo" time="0.069"/>
  <system-out/>
</testsuite> <!-- homePage.myTestCases -->
