<?xml version="1.0" encoding="UTF-8"?>
<!-- Generated by org.testng.reporters.JUnitReportReporter -->
<testsuite hostname="DESKTOP-SGPLFQ4" failures="0" tests="8" name="homePage.myTestCases" time="1.519" errors="0" timestamp="2024-08-18T22:00:35 EEST" skipped="0">
  <testcase classname="homePage.myTestCases" name="checkTheDefualtLangugeIsEnglish" time="0.037"/>
  <system-out/>
  <testcase classname="homePage.myTestCases" name="checkTheCurrencyIsSAR" time="0.033"/>
  <system-out/>
  <testcase classname="homePage.myTestCases" name="checkContactNumber" time="0.024"/>
  <system-out/>
  <testcase classname="homePage.myTestCases" name="checkQitafLogo" time="0.075"/>
  <system-out/>
  <testcase classname="homePage.myTestCases" name="TestHotelTabIsNotSelected" time="0.025"/>
  <system-out/>
  <testcase classname="homePage.myTestCases" name="checkDepatuerDate" time="0.058"/>
  <system-out/>
  <testcase classname="homePage.myTestCases" name="randomlyChangeTheLanguge" time="0.617"/>
  <system-out/>
  <testcase classname="homePage.myTestCases" name="randomlyCitiesWhenChangeTheLanguge" time="0.650"/>
  <system-out/>
</testsuite> <!-- homePage.myTestCases -->
